<?xml version="1.0" encoding="utf-8"?><testsuites name="pytest tests"><testsuite name="pytest" errors="0" failures="0" skipped="0" tests="17" time="3.359" timestamp="2026-09-06T14:03:25.989109+00:00" hostname="agent-env-dac8206c-7793-4c23-b22b-466239233825"><testcase classname="tests.test_iteration3_review.TestFounderDiscount" name="test_member_status" time="0.211" /><testcase classname="tests.test_iteration3_review.TestCatalog" name="test_catalog_root_counts" time="0.249" /><testcase classname="tests.test_iteration3_review.TestFounderDiscount" name="test_nonmember_status" time="0.121" /><testcase classname="tests.test_iteration3_review.TestCatalog" name="test_jurisdiction_difc_adgm[difc-16900]" time="0.134" /><testcase classname="tests.test_iteration3_review.TestFounderDiscount" name="test_member_bookkeeping_15pct" time="1.108" /><testcase classname="tests.test_iteration3_review.TestCatalog" name="test_jurisdiction_difc_adgm[adgm-7350]" time="0.129" /><testcase classname="tests.test_iteration3_review.TestCatalog" name="test_adgm_packages_filter" time="0.138" /><testcase classname="tests.test_iteration3_review.TestCatalog" name="test_difc_has_on_request_package" time="0.122" /><testcase classname="tests.test_iteration3_review.TestCatalog" name="test_adgm_has_on_request_package" time="0.122" /><testcase classname="tests.test_iteration3_review.TestOnRequestRejection" name="test_difc_dfsa_order_rejected" time="0.267" /><testcase classname="tests.test_iteration3_review.TestOnRequestRejection" name="test_adgm_fsra_order_rejected" time="0.253" /><testcase classname="tests.test_iteration3_review.TestAdminEndpoints" name="test_ai_support_logs_exists" time="0.119" /><testcase classname="tests.test_iteration3_review.TestFounderDiscount" name="test_founders_club_never_discounted" time="0.983" /><testcase classname="tests.test_iteration3_review.TestAdminEndpoints" name="test_email_logs_stats_exists" time="0.114" /><testcase classname="tests.test_iteration3_review.TestTickets" name="test_create_ticket_and_status_404" time="0.471" /><testcase classname="tests.test_iteration3_review.TestFounderDiscount" name="test_nonmember_no_discount" time="0.468" /><testcase classname="tests.test_iteration3_review.TestNoZeroPrice" name="test_all_fixed_packages_have_positive_price" time="0.143" /></testsuite></testsuites>