<?xml version="1.0" encoding="utf-8"?><testsuites name="pytest tests"><testsuite name="pytest" errors="0" failures="0" skipped="0" tests="44" time="7.074" timestamp="2026-09-06T14:20:38.508367+00:00" hostname="agent-env-dac8206c-7793-4c23-b22b-466239233825"><testcase classname="tests.test_iteration3_review.TestCatalog" name="test_catalog_root_counts" time="0.221" /><testcase classname="tests.test_orders_and_catalog" name="test_services_catalog_has_five_seeded" time="0.208" /><testcase classname="tests.test_orders_and_catalog" name="test_service_by_slug_and_404" time="0.273" /><testcase classname="tests.test_iteration3_review.TestCatalog" name="test_jurisdiction_difc_adgm[difc-16900]" time="0.129" /><testcase classname="tests.test_iteration3_review.TestCatalog" name="test_jurisdiction_difc_adgm[adgm-7350]" time="0.122" /><testcase classname="tests.test_iteration3_review.TestCatalog" name="test_adgm_packages_filter" time="0.118" /><testcase classname="tests.test_orders_and_catalog" name="test_order_ignores_forged_price_single_service" time="0.588" /><testcase classname="tests.test_iteration3_review.TestCatalog" name="test_difc_has_on_request_package" time="0.140" /><testcase classname="tests.test_iteration3_review.TestCatalog" name="test_adgm_has_on_request_package" time="0.120" /><testcase classname="tests.test_iteration4_dmcc_and_founder.TestDmccDataQuality" name="test_dmcc_exactly_12_active_1_year" time="0.133" /><testcase classname="tests.test_iteration4_dmcc_and_founder.TestDmccDataQuality" name="test_dmcc_no_astrolabs_or_uptown" time="0.122" /><testcase classname="tests.test_orders_and_catalog" name="test_order_multi_service_totals_2200" time="0.524" /><testcase classname="tests.test_iteration4_dmcc_and_founder.TestDmccDataQuality" name="test_dmcc_cheapest_is_nook_10345" time="0.129" /><testcase classname="tests.test_iteration4_dmcc_and_founder.TestDmccDataQuality" name="test_dmcc_highest_is_jump_start_43780" time="0.146" /><testcase classname="tests.test_iteration4_dmcc_and_founder.TestDmccDataQuality" name="test_dmcc_no_zero_or_1925" time="0.151" /><testcase classname="tests.test_iteration4_dmcc_and_founder.TestFounderPricingMath" name="test_member_true_for_pankaj" time="0.116" /><testcase classname="tests.test_orders_and_catalog" name="test_order_founders_club_999" time="0.495" /><testcase classname="tests.test_iteration4_dmcc_and_founder.TestFounderPricingMath" name="test_non_member_fresh_test_email" time="0.138" /><testcase classname="tests.test_iteration4_dmcc_and_founder.TestFounderPricingMath" name="test_member_bookkeeping_15pct" time="0.527" /><testcase classname="tests.test_orders_and_catalog" name="test_order_unknown_slug_returns_400" time="0.124" /><testcase classname="tests.test_orders_and_catalog" name="test_order_empty_items_returns_400" time="0.180" /><testcase classname="tests.test_iteration4_dmcc_and_founder.TestFounderPricingMath" name="test_member_dmcc_nook_10pct" time="0.667" /><testcase classname="tests.test_orders_and_catalog" name="test_order_unknown_package_returns_400" time="0.139" /><testcase classname="tests.test_orders_and_catalog" name="test_order_invalid_coupon_ignored" time="0.985" /><testcase classname="tests.test_iteration4_dmcc_and_founder.TestFounderPricingMath" name="test_founders_club_lifetime_never_discounted" time="0.563" /><testcase classname="tests.test_orders_and_catalog" name="test_order_get_snapshot" time="0.580" /><testcase classname="tests.test_iteration3_review.TestFounderDiscount" name="test_member_status" time="0.144" /><testcase classname="tests.test_iteration3_review.TestFounderDiscount" name="test_nonmember_status" time="0.133" /><testcase classname="tests.test_iteration3_review.TestFounderDiscount" name="test_member_bookkeeping_15pct" time="0.631" /><testcase classname="tests.test_iteration4_dmcc_and_founder.TestDifcAdgmRegression" name="test_difc_from_16900" time="0.122" /><testcase classname="tests.test_iteration4_dmcc_and_founder.TestDifcAdgmRegression" name="test_adgm_from_7350" time="0.239" /><testcase classname="tests.test_iteration4_dmcc_and_founder.TestDifcAdgmRegression" name="test_dfsa_on_request_order_rejected" time="0.277" /><testcase classname="tests.test_iteration3_review.TestFounderDiscount" name="test_founders_club_never_discounted" time="0.494" /><testcase classname="tests.test_iteration4_dmcc_and_founder.TestCatalogCountsRegression" name="test_total_active_packages_118" time="0.150" /><testcase classname="tests.test_iteration4_dmcc_and_founder.TestCatalogCountsRegression" name="test_zone_counts_unchanged" time="0.577" /><testcase classname="tests.test_iteration3_review.TestFounderDiscount" name="test_nonmember_no_discount" time="0.873" /><testcase classname="tests.test_iteration3_review.TestAdminEndpoints" name="test_ai_support_logs_exists" time="0.184" /><testcase classname="tests.test_iteration3_review.TestAdminEndpoints" name="test_email_logs_stats_exists" time="0.123" /><testcase classname="tests.test_iteration3_review.TestOnRequestRejection" name="test_difc_dfsa_order_rejected" time="0.292" /><testcase classname="tests.test_internal_notes" name="test_customer_never_sees_internal_notes" time="0.308" /><testcase classname="tests.test_internal_notes" name="test_staff_still_sees_internal_notes" time="0.001" /><testcase classname="tests.test_iteration3_review.TestTickets" name="test_create_ticket_and_status_404" time="0.475" /><testcase classname="tests.test_iteration3_review.TestOnRequestRejection" name="test_adgm_fsra_order_rejected" time="0.322" /><testcase classname="tests.test_iteration3_review.TestNoZeroPrice" name="test_all_fixed_packages_have_positive_price" time="0.216" /></testsuite></testsuites>