<?xml version="1.0" encoding="utf-8"?><testsuites name="pytest tests"><testsuite name="pytest" errors="2" failures="1" skipped="0" tests="29" time="5.318" timestamp="2026-09-06T14:19:23.644859+00:00" hostname="agent-env-dac8206c-7793-4c23-b22b-466239233825"><testcase classname="tests.test_orders_and_catalog" name="test_services_catalog_has_five_seeded" time="0.141" /><testcase classname="tests.test_iteration3_review.TestCatalog" name="test_catalog_root_counts" time="0.194"><failure message="AssertionError: assert 118 &gt;= 120&#10; +  where 118 = len([{'freezone': 'IFZA', 'category': 'Core UAE', 'package_name': '0 Visa License', 'duration': '1 Year', ...}, {'freezone...'freezone': 'SHAMS', 'category': 'Business Setup', 'package_name': 'Standard Package', 'duration': '1 Year', ...}, ...])">backend/tests/test_iteration3_review.py:21: in test_catalog_root_counts
    assert len(d["packages"]) &gt;= 120
E   AssertionError: assert 118 &gt;= 120
E    +  where 118 = len([{'freezone': 'IFZA', 'category': 'Core UAE', 'package_name': '0 Visa License', 'duration': '1 Year', ...}, {'freezone...'freezone': 'SHAMS', 'category': 'Business Setup', 'package_name': 'Standard Package', 'duration': '1 Year', ...}, ...])</failure></testcase><testcase classname="tests.test_orders_and_catalog" name="test_service_by_slug_and_404" time="0.347" /><testcase classname="tests.test_iteration3_review.TestCatalog" name="test_jurisdiction_difc_adgm[difc-16900]" time="0.142" /><testcase classname="tests.test_iteration3_review.TestCatalog" name="test_jurisdiction_difc_adgm[adgm-7350]" time="0.136" /><testcase classname="tests.test_orders_and_catalog" name="test_order_ignores_forged_price_single_service" time="0.766" /><testcase classname="tests.test_iteration3_review.TestCatalog" name="test_adgm_packages_filter" time="0.126" /><testcase classname="tests.test_iteration3_review.TestCatalog" name="test_difc_has_on_request_package" time="0.112" /><testcase classname="tests.test_iteration3_review.TestCatalog" name="test_adgm_has_on_request_package" time="0.133" /><testcase classname="tests.test_iteration3_review.TestFounderDiscount" name="test_member_status" time="0.124" /><testcase classname="tests.test_iteration3_review.TestFounderDiscount" name="test_nonmember_status" time="0.142" /><testcase classname="tests.test_iteration3_review.TestFounderDiscount" name="test_member_bookkeeping_15pct" time="0.854" /><testcase classname="tests.test_orders_and_catalog" name="test_order_multi_service_totals_2200" time="0.526" /><testcase classname="tests.test_orders_and_catalog" name="test_order_founders_club_999" time="0.519" /><testcase classname="tests.test_iteration3_review.TestFounderDiscount" name="test_founders_club_never_discounted" time="0.540" /><testcase classname="tests.test_orders_and_catalog" name="test_order_unknown_slug_returns_400" time="0.145" /><testcase classname="tests.test_orders_and_catalog" name="test_order_empty_items_returns_400" time="0.224" /><testcase classname="tests.test_iteration3_review.TestFounderDiscount" name="test_nonmember_no_discount" time="0.577" /><testcase classname="tests.test_orders_and_catalog" name="test_order_unknown_package_returns_400" time="0.141" /><testcase classname="tests.test_orders_and_catalog" name="test_order_invalid_coupon_ignored" time="0.896" /><testcase classname="tests.test_internal_notes" name="test_customer_never_sees_internal_notes" time="0.001"><error message="failed on setup with &quot;ModuleNotFoundError: No module named 'support'&quot;">backend/tests/test_internal_notes.py:58: in support
    mod = importlib.import_module("support")
          ^^^^^^^^^^^^^^^^^^^^^^^^^^^^^^^^^^
/usr/local/lib/python3.11/importlib/__init__.py:126: in import_module
    return _bootstrap._gcd_import(name[level:], package, level)
           ^^^^^^^^^^^^^^^^^^^^^^^^^^^^^^^^^^^^^^^^^^^^^^^^^^^^
&lt;frozen importlib._bootstrap&gt;:1204: in _gcd_import
    ???
&lt;frozen importlib._bootstrap&gt;:1176: in _find_and_load
    ???
&lt;frozen importlib._bootstrap&gt;:1140: in _find_and_load_unlocked
    ???
E   ModuleNotFoundError: No module named 'support'</error></testcase><testcase classname="tests.test_internal_notes" name="test_staff_still_sees_internal_notes" time="0.000"><error message="failed on setup with &quot;ModuleNotFoundError: No module named 'support'&quot;">backend/tests/test_internal_notes.py:58: in support
    mod = importlib.import_module("support")
          ^^^^^^^^^^^^^^^^^^^^^^^^^^^^^^^^^^
/usr/local/lib/python3.11/importlib/__init__.py:126: in import_module
    return _bootstrap._gcd_import(name[level:], package, level)
           ^^^^^^^^^^^^^^^^^^^^^^^^^^^^^^^^^^^^^^^^^^^^^^^^^^^^
&lt;frozen importlib._bootstrap&gt;:1204: in _gcd_import
    ???
&lt;frozen importlib._bootstrap&gt;:1176: in _find_and_load
    ???
&lt;frozen importlib._bootstrap&gt;:1140: in _find_and_load_unlocked
    ???
E   ModuleNotFoundError: No module named 'support'</error></testcase><testcase classname="tests.test_iteration3_review.TestAdminEndpoints" name="test_ai_support_logs_exists" time="0.133" /><testcase classname="tests.test_iteration3_review.TestAdminEndpoints" name="test_email_logs_stats_exists" time="0.164" /><testcase classname="tests.test_iteration3_review.TestTickets" name="test_create_ticket_and_status_404" time="0.514" /><testcase classname="tests.test_orders_and_catalog" name="test_order_get_snapshot" time="0.732" /><testcase classname="tests.test_iteration3_review.TestNoZeroPrice" name="test_all_fixed_packages_have_positive_price" time="0.157" /><testcase classname="tests.test_iteration3_review.TestOnRequestRejection" name="test_difc_dfsa_order_rejected" time="0.284" /><testcase classname="tests.test_iteration3_review.TestOnRequestRejection" name="test_adgm_fsra_order_rejected" time="0.253" /></testsuite></testsuites>