<?xml version="1.0" encoding="utf-8"?><testsuites name="pytest tests"><testsuite name="pytest" errors="0" failures="0" skipped="0" tests="12" time="4.672" timestamp="2026-09-06T13:26:54.361122+00:00" hostname="agent-env-dac8206c-7793-4c23-b22b-466239233825"><testcase classname="tests.test_internal_notes" name="test_customer_never_sees_internal_notes" time="0.298" /><testcase classname="tests.test_internal_notes" name="test_staff_still_sees_internal_notes" time="0.001" /><testcase classname="tests.test_orders_and_catalog" name="test_services_catalog_has_five_seeded" time="0.224" /><testcase classname="tests.test_orders_and_catalog" name="test_service_by_slug_and_404" time="0.452" /><testcase classname="tests.test_orders_and_catalog" name="test_order_ignores_forged_price_single_service" time="0.588" /><testcase classname="tests.test_orders_and_catalog" name="test_order_multi_service_totals_2200" time="0.523" /><testcase classname="tests.test_orders_and_catalog" name="test_order_founders_club_999" time="0.476" /><testcase classname="tests.test_orders_and_catalog" name="test_order_unknown_slug_returns_400" time="0.111" /><testcase classname="tests.test_orders_and_catalog" name="test_order_empty_items_returns_400" time="0.134" /><testcase classname="tests.test_orders_and_catalog" name="test_order_unknown_package_returns_400" time="0.472" /><testcase classname="tests.test_orders_and_catalog" name="test_order_invalid_coupon_ignored" time="0.765" /><testcase classname="tests.test_orders_and_catalog" name="test_order_get_snapshot" time="0.564" /></testsuite></testsuites>